<?xml version="1.0" encoding="UTF-8"?>
<!-- Generated by org.testng.reporters.JUnitReportReporter -->
<testsuite hostname="LAPTOP-88JOOBUG" failures="0" tests="1" name="com.ui.tests.LoginTest" time="11.173" errors="0" timestamp="2025-02-20T16:11:58 IST" skipped="0">
  <testcase classname="com.ui.tests.LoginTest" name="loginExcelTest" time="11.173"/>
</testsuite> <!-- com.ui.tests.LoginTest -->
